This file contains any messages produced by compilers while
running configure, to aid debugging if configure makes a mistake.

It was created by RNAforester configure 1.5, which was
generated by GNU Autoconf 2.68.  Invocation command line was

  $ ./configure --disable-option-checking --prefix=/usr/local --cache-file=/dev/null --srcdir=.

## --------- ##
## Platform. ##
## --------- ##

hostname = titisee
uname -m = x86_64
uname -r = 3.0.0-32-generic
uname -s = Linux
uname -v = #50-Ubuntu SMP Thu Feb 28 22:32:30 UTC 2013

/usr/bin/uname -p = unknown
/bin/uname -X     = unknown

/bin/arch              = unknown
/usr/bin/arch -k       = unknown
/usr/convex/getsysinfo = unknown
/usr/bin/hostinfo      = unknown
/bin/machine           = unknown
/usr/bin/oslevel       = unknown
/bin/universe          = unknown

PATH: /home/jhuang/perl5/bin
PATH: /usr/lib/lightdm/lightdm
PATH: /usr/local/sbin
PATH: /usr/local/bin
PATH: /usr/sbin
PATH: /usr/bin
PATH: /sbin
PATH: /bin
PATH: /usr/games


## ----------- ##
## Core tests. ##
## ----------- ##

configure:2230: checking for a BSD-compatible install
configure:2298: result: /usr/bin/install -c
configure:2309: checking whether build environment is sane
configure:2359: result: yes
configure:2500: checking for a thread-safe mkdir -p
configure:2539: result: /bin/mkdir -p
configure:2552: checking for gawk
configure:2582: result: no
configure:2552: checking for mawk
configure:2568: found /usr/bin/mawk
configure:2579: result: mawk
configure:2590: checking whether make sets $(MAKE)
configure:2612: result: yes
configure:2754: checking for g++
configure:2770: found /usr/bin/g++
configure:2781: result: g++
configure:2808: checking for C++ compiler version
configure:2817: g++ --version >&5
g++ (Ubuntu/Linaro 4.6.1-9ubuntu3) 4.6.1
Copyright (C) 2011 Free Software Foundation, Inc.
This is free software; see the source for copying conditions.  There is NO
warranty; not even for MERCHANTABILITY or FITNESS FOR A PARTICULAR PURPOSE.

configure:2828: $? = 0
configure:2817: g++ -v >&5
Using built-in specs.
COLLECT_GCC=g++
COLLECT_LTO_WRAPPER=/usr/lib/gcc/x86_64-linux-gnu/4.6.1/lto-wrapper
Target: x86_64-linux-gnu
Configured with: ../src/configure -v --with-pkgversion='Ubuntu/Linaro 4.6.1-9ubuntu3' --with-bugurl=file:///usr/share/doc/gcc-4.6/README.Bugs --enable-languages=c,c++,fortran,objc,obj-c++,go --prefix=/usr --program-suffix=-4.6 --enable-shared --enable-linker-build-id --with-system-zlib --libexecdir=/usr/lib --without-included-gettext --enable-threads=posix --with-gxx-include-dir=/usr/include/c++/4.6 --libdir=/usr/lib --enable-nls --with-sysroot=/ --enable-clocale=gnu --enable-libstdcxx-debug --enable-libstdcxx-time=yes --enable-plugin --enable-objc-gc --disable-werror --with-arch-32=i686 --with-tune=generic --enable-checking=release --build=x86_64-linux-gnu --host=x86_64-linux-gnu --target=x86_64-linux-gnu
Thread model: posix
gcc version 4.6.1 (Ubuntu/Linaro 4.6.1-9ubuntu3) 
configure:2828: $? = 0
configure:2817: g++ -V >&5
g++: error: unrecognized option '-V'
g++: fatal error: no input files
compilation terminated.
configure:2828: $? = 4
configure:2817: g++ -qversion >&5
g++: error: unrecognized option '-qversion'
g++: fatal error: no input files
compilation terminated.
configure:2828: $? = 4
configure:2848: checking whether the C++ compiler works
configure:2870: g++    conftest.cpp  >&5
configure:2874: $? = 0
configure:2922: result: yes
configure:2925: checking for C++ compiler default output file name
configure:2927: result: a.out
configure:2933: checking for suffix of executables
configure:2940: g++ -o conftest    conftest.cpp  >&5
configure:2944: $? = 0
configure:2966: result: 
configure:2988: checking whether we are cross compiling
configure:2996: g++ -o conftest    conftest.cpp  >&5
configure:3000: $? = 0
configure:3007: ./conftest
configure:3011: $? = 0
configure:3026: result: no
configure:3031: checking for suffix of object files
configure:3053: g++ -c   conftest.cpp >&5
configure:3057: $? = 0
configure:3078: result: o
configure:3082: checking whether we are using the GNU C++ compiler
configure:3101: g++ -c   conftest.cpp >&5
configure:3101: $? = 0
configure:3110: result: yes
configure:3119: checking whether g++ accepts -g
configure:3139: g++ -c -g  conftest.cpp >&5
configure:3139: $? = 0
configure:3180: result: yes
configure:3214: checking for style of include used by make
configure:3242: result: GNU
configure:3267: checking dependency style of g++
configure:3377: result: gcc3
configure:3440: checking for gcc
configure:3456: found /usr/bin/gcc
configure:3467: result: gcc
configure:3696: checking for C compiler version
configure:3705: gcc --version >&5
gcc (Ubuntu/Linaro 4.6.1-9ubuntu3) 4.6.1
Copyright (C) 2011 Free Software Foundation, Inc.
This is free software; see the source for copying conditions.  There is NO
warranty; not even for MERCHANTABILITY or FITNESS FOR A PARTICULAR PURPOSE.

configure:3716: $? = 0
configure:3705: gcc -v >&5
Using built-in specs.
COLLECT_GCC=gcc
COLLECT_LTO_WRAPPER=/usr/lib/gcc/x86_64-linux-gnu/4.6.1/lto-wrapper
Target: x86_64-linux-gnu
Configured with: ../src/configure -v --with-pkgversion='Ubuntu/Linaro 4.6.1-9ubuntu3' --with-bugurl=file:///usr/share/doc/gcc-4.6/README.Bugs --enable-languages=c,c++,fortran,objc,obj-c++,go --prefix=/usr --program-suffix=-4.6 --enable-shared --enable-linker-build-id --with-system-zlib --libexecdir=/usr/lib --without-included-gettext --enable-threads=posix --with-gxx-include-dir=/usr/include/c++/4.6 --libdir=/usr/lib --enable-nls --with-sysroot=/ --enable-clocale=gnu --enable-libstdcxx-debug --enable-libstdcxx-time=yes --enable-plugin --enable-objc-gc --disable-werror --with-arch-32=i686 --with-tune=generic --enable-checking=release --build=x86_64-linux-gnu --host=x86_64-linux-gnu --target=x86_64-linux-gnu
Thread model: posix
gcc version 4.6.1 (Ubuntu/Linaro 4.6.1-9ubuntu3) 
configure:3716: $? = 0
configure:3705: gcc -V >&5
gcc: error: unrecognized option '-V'
gcc: fatal error: no input files
compilation terminated.
configure:3716: $? = 4
configure:3705: gcc -qversion >&5
gcc: error: unrecognized option '-qversion'
gcc: fatal error: no input files
compilation terminated.
configure:3716: $? = 4
configure:3720: checking whether we are using the GNU C compiler
configure:3739: gcc -c   conftest.c >&5
configure:3739: $? = 0
configure:3748: result: yes
configure:3757: checking whether gcc accepts -g
configure:3777: gcc -c -g  conftest.c >&5
configure:3777: $? = 0
configure:3818: result: yes
configure:3835: checking for gcc option to accept ISO C89
configure:3899: gcc  -c -g -O2  conftest.c >&5
configure:3899: $? = 0
configure:3912: result: none needed
configure:3934: checking dependency style of gcc
configure:4044: result: gcc3
configure:4076: checking for g++ option to support OpenMP
configure:4091: g++ -o conftest -g -O2   conftest.cpp  >&5
conftest.cpp:13:2: error: 'choke' does not name a type
In file included from conftest.cpp:15:0:
/usr/lib/gcc/x86_64-linux-gnu/4.6.1/include/omp.h:38:3: error: 'omp_lock_t' does not name a type
/usr/lib/gcc/x86_64-linux-gnu/4.6.1/include/omp.h:76:28: error: variable or field 'omp_init_lock' declared void
/usr/lib/gcc/x86_64-linux-gnu/4.6.1/include/omp.h:76:28: error: 'omp_lock_t' was not declared in this scope
/usr/lib/gcc/x86_64-linux-gnu/4.6.1/include/omp.h:76:40: error: expected primary-expression before ')' token
/usr/lib/gcc/x86_64-linux-gnu/4.6.1/include/omp.h:77:31: error: variable or field 'omp_destroy_lock' declared void
/usr/lib/gcc/x86_64-linux-gnu/4.6.1/include/omp.h:77:31: error: 'omp_lock_t' was not declared in this scope
/usr/lib/gcc/x86_64-linux-gnu/4.6.1/include/omp.h:77:43: error: expected primary-expression before ')' token
/usr/lib/gcc/x86_64-linux-gnu/4.6.1/include/omp.h:78:27: error: variable or field 'omp_set_lock' declared void
/usr/lib/gcc/x86_64-linux-gnu/4.6.1/include/omp.h:78:27: error: 'omp_lock_t' was not declared in this scope
/usr/lib/gcc/x86_64-linux-gnu/4.6.1/include/omp.h:78:39: error: expected primary-expression before ')' token
/usr/lib/gcc/x86_64-linux-gnu/4.6.1/include/omp.h:79:29: error: variable or field 'omp_unset_lock' declared void
/usr/lib/gcc/x86_64-linux-gnu/4.6.1/include/omp.h:79:29: error: 'omp_lock_t' was not declared in this scope
/usr/lib/gcc/x86_64-linux-gnu/4.6.1/include/omp.h:79:41: error: expected primary-expression before ')' token
/usr/lib/gcc/x86_64-linux-gnu/4.6.1/include/omp.h:80:27: error: 'omp_lock_t' was not declared in this scope
/usr/lib/gcc/x86_64-linux-gnu/4.6.1/include/omp.h:80:39: error: expected primary-expression before ')' token
/usr/lib/gcc/x86_64-linux-gnu/4.6.1/include/omp.h:80:41: error: expected ',' or ';' before 'throw'
configure:4091: $? = 1
configure: failed program was:
| /* confdefs.h */
| #define PACKAGE_NAME "RNAforester"
| #define PACKAGE_TARNAME "RNAforester"
| #define PACKAGE_VERSION "1.5"
| #define PACKAGE_STRING "RNAforester 1.5"
| #define PACKAGE_BUGREPORT "mhoechsm@techfak.uni-bielefeld.de"
| #define PACKAGE_URL ""
| #define PACKAGE "RNAforester"
| #define VERSION "1.5"
| /* end confdefs.h.  */
| 
| #ifndef _OPENMP
|  choke me
| #endif
| #include <omp.h>
| int main () { return omp_get_num_threads (); }
| 
configure:4108: g++ -o conftest -g -O2 -fopenmp   conftest.cpp  >&5
configure:4108: $? = 0
configure:4122: result: -fopenmp
configure:4147: result: using (to be built) libRNA.a in ../lib
configure:4271: checking how to run the C++ preprocessor
configure:4298: g++ -E -Ig2-0.70/src/  conftest.cpp
configure:4298: $? = 0
configure:4312: g++ -E -Ig2-0.70/src/  conftest.cpp
conftest.cpp:12:28: fatal error: ac_nonexistent.h: No such file or directory
compilation terminated.
configure:4312: $? = 1
configure: failed program was:
| /* confdefs.h */
| #define PACKAGE_NAME "RNAforester"
| #define PACKAGE_TARNAME "RNAforester"
| #define PACKAGE_VERSION "1.5"
| #define PACKAGE_STRING "RNAforester 1.5"
| #define PACKAGE_BUGREPORT "mhoechsm@techfak.uni-bielefeld.de"
| #define PACKAGE_URL ""
| #define PACKAGE "RNAforester"
| #define VERSION "1.5"
| #define HAVE_LIBRNA 1
| /* end confdefs.h.  */
| #include <ac_nonexistent.h>
configure:4337: result: g++ -E
configure:4357: g++ -E -Ig2-0.70/src/  conftest.cpp
configure:4357: $? = 0
configure:4371: g++ -E -Ig2-0.70/src/  conftest.cpp
conftest.cpp:12:28: fatal error: ac_nonexistent.h: No such file or directory
compilation terminated.
configure:4371: $? = 1
configure: failed program was:
| /* confdefs.h */
| #define PACKAGE_NAME "RNAforester"
| #define PACKAGE_TARNAME "RNAforester"
| #define PACKAGE_VERSION "1.5"
| #define PACKAGE_STRING "RNAforester 1.5"
| #define PACKAGE_BUGREPORT "mhoechsm@techfak.uni-bielefeld.de"
| #define PACKAGE_URL ""
| #define PACKAGE "RNAforester"
| #define VERSION "1.5"
| #define HAVE_LIBRNA 1
| /* end confdefs.h.  */
| #include <ac_nonexistent.h>
configure:4400: checking for grep that handles long lines and -e
configure:4458: result: /bin/grep
configure:4463: checking for egrep
configure:4525: result: /bin/grep -E
configure:4530: checking for ANSI C header files
configure:4550: g++ -c -g -O2 -Ig2-0.70/src/  conftest.cpp >&5
configure:4550: $? = 0
configure:4623: g++ -o conftest -g -O2 -Ig2-0.70/src/  -L../../lib -L../../ViennaRNA  -fopenmp conftest.cpp -lRNA  >&5
configure:4623: $? = 0
configure:4623: ./conftest
configure:4623: $? = 0
configure:4634: result: yes
configure:4647: checking for sys/types.h
configure:4647: g++ -c -g -O2 -Ig2-0.70/src/  conftest.cpp >&5
configure:4647: $? = 0
configure:4647: result: yes
configure:4647: checking for sys/stat.h
configure:4647: g++ -c -g -O2 -Ig2-0.70/src/  conftest.cpp >&5
configure:4647: $? = 0
configure:4647: result: yes
configure:4647: checking for stdlib.h
configure:4647: g++ -c -g -O2 -Ig2-0.70/src/  conftest.cpp >&5
configure:4647: $? = 0
configure:4647: result: yes
configure:4647: checking for string.h
configure:4647: g++ -c -g -O2 -Ig2-0.70/src/  conftest.cpp >&5
configure:4647: $? = 0
configure:4647: result: yes
configure:4647: checking for memory.h
configure:4647: g++ -c -g -O2 -Ig2-0.70/src/  conftest.cpp >&5
configure:4647: $? = 0
configure:4647: result: yes
configure:4647: checking for strings.h
configure:4647: g++ -c -g -O2 -Ig2-0.70/src/  conftest.cpp >&5
configure:4647: $? = 0
configure:4647: result: yes
configure:4647: checking for inttypes.h
configure:4647: g++ -c -g -O2 -Ig2-0.70/src/  conftest.cpp >&5
configure:4647: $? = 0
configure:4647: result: yes
configure:4647: checking for stdint.h
configure:4647: g++ -c -g -O2 -Ig2-0.70/src/  conftest.cpp >&5
configure:4647: $? = 0
configure:4647: result: yes
configure:4647: checking for unistd.h
configure:4647: g++ -c -g -O2 -Ig2-0.70/src/  conftest.cpp >&5
configure:4647: $? = 0
configure:4647: result: yes
configure:4659: checking g2.h usability
configure:4659: g++ -c -g -O2 -Ig2-0.70/src/  conftest.cpp >&5
configure:4659: $? = 0
configure:4659: result: yes
configure:4659: checking g2.h presence
configure:4659: g++ -E -Ig2-0.70/src/  conftest.cpp
configure:4659: $? = 0
configure:4659: result: yes
configure:4659: checking for g2.h
configure:4659: result: yes
configure:4671: checking for an ANSI C-conforming const
configure:4736: g++ -c -g -O2 -Ig2-0.70/src/  conftest.cpp >&5
configure:4736: $? = 0
configure:4743: result: yes
configure:4751: checking for inline
configure:4767: g++ -c -g -O2 -Ig2-0.70/src/  conftest.cpp >&5
configure:4767: $? = 0
configure:4775: result: inline
configure:4793: checking for size_t
configure:4793: g++ -c -g -O2 -Ig2-0.70/src/  conftest.cpp >&5
configure:4793: $? = 0
configure:4793: g++ -c -g -O2 -Ig2-0.70/src/  conftest.cpp >&5
conftest.cpp: In function 'int main()':
conftest.cpp:59:20: error: expected primary-expression before ')' token
configure:4793: $? = 1
configure: failed program was:
| /* confdefs.h */
| #define PACKAGE_NAME "RNAforester"
| #define PACKAGE_TARNAME "RNAforester"
| #define PACKAGE_VERSION "1.5"
| #define PACKAGE_STRING "RNAforester 1.5"
| #define PACKAGE_BUGREPORT "mhoechsm@techfak.uni-bielefeld.de"
| #define PACKAGE_URL ""
| #define PACKAGE "RNAforester"
| #define VERSION "1.5"
| #define HAVE_LIBRNA 1
| #define STDC_HEADERS 1
| #define HAVE_SYS_TYPES_H 1
| #define HAVE_SYS_STAT_H 1
| #define HAVE_STDLIB_H 1
| #define HAVE_STRING_H 1
| #define HAVE_MEMORY_H 1
| #define HAVE_STRINGS_H 1
| #define HAVE_INTTYPES_H 1
| #define HAVE_STDINT_H 1
| #define HAVE_UNISTD_H 1
| #define HAVE_LIBG2 1
| /* end confdefs.h.  */
| #include <stdio.h>
| #ifdef HAVE_SYS_TYPES_H
| # include <sys/types.h>
| #endif
| #ifdef HAVE_SYS_STAT_H
| # include <sys/stat.h>
| #endif
| #ifdef STDC_HEADERS
| # include <stdlib.h>
| # include <stddef.h>
| #else
| # ifdef HAVE_STDLIB_H
| #  include <stdlib.h>
| # endif
| #endif
| #ifdef HAVE_STRING_H
| # if !defined STDC_HEADERS && defined HAVE_MEMORY_H
| #  include <memory.h>
| # endif
| # include <string.h>
| #endif
| #ifdef HAVE_STRINGS_H
| # include <strings.h>
| #endif
| #ifdef HAVE_INTTYPES_H
| # include <inttypes.h>
| #endif
| #ifdef HAVE_STDINT_H
| # include <stdint.h>
| #endif
| #ifdef HAVE_UNISTD_H
| # include <unistd.h>
| #endif
| int
| main ()
| {
| if (sizeof ((size_t)))
| 	    return 0;
|   ;
|   return 0;
| }
configure:4793: result: yes
configure:4958: creating ./config.status

## ---------------------- ##
## Running config.status. ##
## ---------------------- ##

This file was extended by RNAforester config.status 1.5, which was
generated by GNU Autoconf 2.68.  Invocation command line was

  CONFIG_FILES    = 
  CONFIG_HEADERS  = 
  CONFIG_LINKS    = 
  CONFIG_COMMANDS = 
  $ ./config.status 

on titisee

config.status:873: creating Makefile
config.status:873: creating src/Makefile
config.status:873: creating man/Makefile
config.status:873: creating config.h
config.status:1054: config.h is unchanged
config.status:1102: executing depfiles commands
configure:6356: === configuring in g2-0.70 (/home/jhuang/Downloads/ViennaRNA-2.1.1/RNAforester/g2-0.70)
configure:6419: running /bin/bash ./configure --disable-option-checking '--prefix=/usr/local'  --cache-file=/dev/null --srcdir=.

## ---------------- ##
## Cache variables. ##
## ---------------- ##

ac_cv_c_compiler_gnu=yes
ac_cv_c_const=yes
ac_cv_c_inline=inline
ac_cv_cxx_compiler_gnu=yes
ac_cv_env_CCC_set=
ac_cv_env_CCC_value=
ac_cv_env_CC_set=
ac_cv_env_CC_value=
ac_cv_env_CFLAGS_set=
ac_cv_env_CFLAGS_value=
ac_cv_env_CPPFLAGS_set=
ac_cv_env_CPPFLAGS_value=
ac_cv_env_CXXCPP_set=
ac_cv_env_CXXCPP_value=
ac_cv_env_CXXFLAGS_set=
ac_cv_env_CXXFLAGS_value=
ac_cv_env_CXX_set=
ac_cv_env_CXX_value=
ac_cv_env_LDFLAGS_set=
ac_cv_env_LDFLAGS_value=
ac_cv_env_LIBS_set=
ac_cv_env_LIBS_value=
ac_cv_env_build_alias_set=
ac_cv_env_build_alias_value=
ac_cv_env_host_alias_set=
ac_cv_env_host_alias_value=
ac_cv_env_target_alias_set=
ac_cv_env_target_alias_value=
ac_cv_header_g2_h=yes
ac_cv_header_inttypes_h=yes
ac_cv_header_memory_h=yes
ac_cv_header_stdc=yes
ac_cv_header_stdint_h=yes
ac_cv_header_stdlib_h=yes
ac_cv_header_string_h=yes
ac_cv_header_strings_h=yes
ac_cv_header_sys_stat_h=yes
ac_cv_header_sys_types_h=yes
ac_cv_header_unistd_h=yes
ac_cv_objext=o
ac_cv_path_EGREP='/bin/grep -E'
ac_cv_path_GREP=/bin/grep
ac_cv_path_install='/usr/bin/install -c'
ac_cv_path_mkdir=/bin/mkdir
ac_cv_prog_AWK=mawk
ac_cv_prog_CXXCPP='g++ -E'
ac_cv_prog_ac_ct_CC=gcc
ac_cv_prog_ac_ct_CXX=g++
ac_cv_prog_cc_c89=
ac_cv_prog_cc_g=yes
ac_cv_prog_cxx_g=yes
ac_cv_prog_cxx_openmp=-fopenmp
ac_cv_prog_make_make_set=yes
ac_cv_type_size_t=yes
am_cv_CC_dependencies_compiler_type=gcc3
am_cv_CXX_dependencies_compiler_type=gcc3

## ----------------- ##
## Output variables. ##
## ----------------- ##

ACLOCAL='${SHELL} /home/jhuang/Downloads/ViennaRNA-2.1.1/RNAforester/missing --run aclocal-1.11'
AMDEPBACKSLASH='\'
AMDEP_FALSE='#'
AMDEP_TRUE=''
AMTAR='${SHELL} /home/jhuang/Downloads/ViennaRNA-2.1.1/RNAforester/missing --run tar'
AM_BACKSLASH='\'
AM_DEFAULT_VERBOSITY='0'
AUTOCONF='${SHELL} /home/jhuang/Downloads/ViennaRNA-2.1.1/RNAforester/missing --run autoconf'
AUTOHEADER='${SHELL} /home/jhuang/Downloads/ViennaRNA-2.1.1/RNAforester/missing --run autoheader'
AUTOMAKE='${SHELL} /home/jhuang/Downloads/ViennaRNA-2.1.1/RNAforester/missing --run automake-1.11'
AWK='mawk'
CC='gcc'
CCDEPMODE='depmode=gcc3'
CFLAGS='-g -O2'
CPPFLAGS=' -I../g2-0.70/include/ '
CXX='g++'
CXXCPP='g++ -E'
CXXDEPMODE='depmode=gcc3'
CXXFLAGS='-g -O2'
CYGPATH_W='echo'
DEFS='-DHAVE_CONFIG_H'
DEPDIR='.deps'
ECHO_C=''
ECHO_N='-n'
ECHO_T=''
EGREP='/bin/grep -E'
EXEEXT=''
GREP='/bin/grep'
INSTALL_DATA='${INSTALL} -m 644'
INSTALL_PROGRAM='${INSTALL}'
INSTALL_SCRIPT='${INSTALL}'
INSTALL_STRIP_PROGRAM='$(install_sh) -c -s'
LDFLAGS='-L../g2-0.70 -L../../lib -L../../ViennaRNA  -fopenmp'
LIBOBJS=''
LIBS='-lg2 -lRNA '
LTLIBOBJS=''
MAKEINFO='${SHELL} /home/jhuang/Downloads/ViennaRNA-2.1.1/RNAforester/missing --run makeinfo'
MKDIR_P='/bin/mkdir -p'
OBJEXT='o'
OPENMP_CXXFLAGS='-fopenmp'
PACKAGE='RNAforester'
PACKAGE_BUGREPORT='mhoechsm@techfak.uni-bielefeld.de'
PACKAGE_NAME='RNAforester'
PACKAGE_STRING='RNAforester 1.5'
PACKAGE_TARNAME='RNAforester'
PACKAGE_URL=''
PACKAGE_VERSION='1.5'
PATH_SEPARATOR=':'
SET_MAKE=''
SHELL='/bin/bash'
STRIP=''
VERSION='1.5'
ac_ct_CC='gcc'
ac_ct_CXX='g++'
am__EXEEXT_FALSE=''
am__EXEEXT_TRUE='#'
am__fastdepCC_FALSE='#'
am__fastdepCC_TRUE=''
am__fastdepCXX_FALSE='#'
am__fastdepCXX_TRUE=''
am__include='include'
am__isrc=''
am__leading_dot='.'
am__quote=''
am__tar='${AMTAR} chof - "$$tardir"'
am__untar='${AMTAR} xf -'
bindir='${exec_prefix}/bin'
build_alias=''
datadir='${datarootdir}'
datarootdir='${prefix}/share'
docdir='${datarootdir}/doc/${PACKAGE_TARNAME}'
dvidir='${docdir}'
exec_prefix='${prefix}'
host_alias=''
htmldir='${docdir}'
includedir='${prefix}/include'
infodir='${datarootdir}/info'
install_sh='${SHELL} /home/jhuang/Downloads/ViennaRNA-2.1.1/RNAforester/install-sh'
libdir='${exec_prefix}/lib'
libexecdir='${exec_prefix}/libexec'
localedir='${datarootdir}/locale'
localstatedir='${prefix}/var'
mandir='${datarootdir}/man'
mkdir_p='/bin/mkdir -p'
oldincludedir='/usr/include'
pdfdir='${docdir}'
prefix='/usr/local'
program_transform_name='s,x,x,'
psdir='${docdir}'
sbindir='${exec_prefix}/sbin'
sharedstatedir='${prefix}/com'
subdirs=' g2-0.70'
sysconfdir='${prefix}/etc'
target_alias=''

## ----------- ##
## confdefs.h. ##
## ----------- ##

/* confdefs.h */
#define PACKAGE_NAME "RNAforester"
#define PACKAGE_TARNAME "RNAforester"
#define PACKAGE_VERSION "1.5"
#define PACKAGE_STRING "RNAforester 1.5"
#define PACKAGE_BUGREPORT "mhoechsm@techfak.uni-bielefeld.de"
#define PACKAGE_URL ""
#define PACKAGE "RNAforester"
#define VERSION "1.5"
#define HAVE_LIBRNA 1
#define STDC_HEADERS 1
#define HAVE_SYS_TYPES_H 1
#define HAVE_SYS_STAT_H 1
#define HAVE_STDLIB_H 1
#define HAVE_STRING_H 1
#define HAVE_MEMORY_H 1
#define HAVE_STRINGS_H 1
#define HAVE_INTTYPES_H 1
#define HAVE_STDINT_H 1
#define HAVE_UNISTD_H 1
#define HAVE_LIBG2 1

configure: exit 0
