This file contains any messages produced by compilers while
running configure, to aid debugging if configure makes a mistake.

It was created by kinfold configure 1.3, which was
generated by GNU Autoconf 2.68.  Invocation command line was

  $ ./configure --disable-option-checking --prefix=/usr/local --cache-file=/dev/null --srcdir=.

## --------- ##
## Platform. ##
## --------- ##

hostname = titisee
uname -m = x86_64
uname -r = 3.0.0-32-generic
uname -s = Linux
uname -v = #50-Ubuntu SMP Thu Feb 28 22:32:30 UTC 2013

/usr/bin/uname -p = unknown
/bin/uname -X     = unknown

/bin/arch              = unknown
/usr/bin/arch -k       = unknown
/usr/convex/getsysinfo = unknown
/usr/bin/hostinfo      = unknown
/bin/machine           = unknown
/usr/bin/oslevel       = unknown
/bin/universe          = unknown

PATH: /home/jhuang/perl5/bin
PATH: /usr/lib/lightdm/lightdm
PATH: /usr/local/sbin
PATH: /usr/local/bin
PATH: /usr/sbin
PATH: /usr/bin
PATH: /sbin
PATH: /bin
PATH: /usr/games


## ----------- ##
## Core tests. ##
## ----------- ##

configure:2206: checking for a BSD-compatible install
configure:2274: result: /usr/bin/install -c
configure:2285: checking whether build environment is sane
configure:2335: result: yes
configure:2476: checking for a thread-safe mkdir -p
configure:2515: result: /bin/mkdir -p
configure:2528: checking for gawk
configure:2558: result: no
configure:2528: checking for mawk
configure:2544: found /usr/bin/mawk
configure:2555: result: mawk
configure:2566: checking whether make sets $(MAKE)
configure:2588: result: yes
configure:2669: checking if malloc debugging is wanted
configure:2687: result: no
configure:2741: checking for gcc
configure:2757: found /usr/bin/gcc
configure:2768: result: gcc
configure:2997: checking for C compiler version
configure:3006: gcc --version >&5
gcc (Ubuntu/Linaro 4.6.1-9ubuntu3) 4.6.1
Copyright (C) 2011 Free Software Foundation, Inc.
This is free software; see the source for copying conditions.  There is NO
warranty; not even for MERCHANTABILITY or FITNESS FOR A PARTICULAR PURPOSE.

configure:3017: $? = 0
configure:3006: gcc -v >&5
Using built-in specs.
COLLECT_GCC=gcc
COLLECT_LTO_WRAPPER=/usr/lib/gcc/x86_64-linux-gnu/4.6.1/lto-wrapper
Target: x86_64-linux-gnu
Configured with: ../src/configure -v --with-pkgversion='Ubuntu/Linaro 4.6.1-9ubuntu3' --with-bugurl=file:///usr/share/doc/gcc-4.6/README.Bugs --enable-languages=c,c++,fortran,objc,obj-c++,go --prefix=/usr --program-suffix=-4.6 --enable-shared --enable-linker-build-id --with-system-zlib --libexecdir=/usr/lib --without-included-gettext --enable-threads=posix --with-gxx-include-dir=/usr/include/c++/4.6 --libdir=/usr/lib --enable-nls --with-sysroot=/ --enable-clocale=gnu --enable-libstdcxx-debug --enable-libstdcxx-time=yes --enable-plugin --enable-objc-gc --disable-werror --with-arch-32=i686 --with-tune=generic --enable-checking=release --build=x86_64-linux-gnu --host=x86_64-linux-gnu --target=x86_64-linux-gnu
Thread model: posix
gcc version 4.6.1 (Ubuntu/Linaro 4.6.1-9ubuntu3) 
configure:3017: $? = 0
configure:3006: gcc -V >&5
gcc: error: unrecognized option '-V'
gcc: fatal error: no input files
compilation terminated.
configure:3017: $? = 4
configure:3006: gcc -qversion >&5
gcc: error: unrecognized option '-qversion'
gcc: fatal error: no input files
compilation terminated.
configure:3017: $? = 4
configure:3037: checking whether the C compiler works
configure:3059: gcc    conftest.c  >&5
configure:3063: $? = 0
configure:3111: result: yes
configure:3114: checking for C compiler default output file name
configure:3116: result: a.out
configure:3122: checking for suffix of executables
configure:3129: gcc -o conftest    conftest.c  >&5
configure:3133: $? = 0
configure:3155: result: 
configure:3177: checking whether we are cross compiling
configure:3185: gcc -o conftest    conftest.c  >&5
configure:3189: $? = 0
configure:3196: ./conftest
configure:3200: $? = 0
configure:3215: result: no
configure:3220: checking for suffix of object files
configure:3242: gcc -c   conftest.c >&5
configure:3246: $? = 0
configure:3267: result: o
configure:3271: checking whether we are using the GNU C compiler
configure:3290: gcc -c   conftest.c >&5
configure:3290: $? = 0
configure:3299: result: yes
configure:3308: checking whether gcc accepts -g
configure:3328: gcc -c -g  conftest.c >&5
configure:3328: $? = 0
configure:3369: result: yes
configure:3386: checking for gcc option to accept ISO C89
configure:3450: gcc  -c -g -O2  conftest.c >&5
configure:3450: $? = 0
configure:3463: result: none needed
configure:3494: checking for style of include used by make
configure:3522: result: GNU
configure:3547: checking dependency style of gcc
configure:3657: result: gcc3
configure:3685: checking build system type
configure:3699: result: x86_64-unknown-linux-gnu
configure:3719: checking host system type
configure:3732: result: x86_64-unknown-linux-gnu
configure:3757: checking for strdup
configure:3757: gcc -o conftest -g -O2   conftest.c  >&5
conftest.c:34:6: warning: conflicting types for built-in function 'strdup' [enabled by default]
configure:3757: $? = 0
configure:3757: result: yes
configure:3757: checking for memset
configure:3757: gcc -o conftest -g -O2   conftest.c  >&5
conftest.c:35:6: warning: conflicting types for built-in function 'memset' [enabled by default]
configure:3757: $? = 0
configure:3757: result: yes
configure:3757: checking for strchr
configure:3757: gcc -o conftest -g -O2   conftest.c  >&5
conftest.c:36:6: warning: conflicting types for built-in function 'strchr' [enabled by default]
configure:3757: $? = 0
configure:3757: result: yes
configure:3788: checking for gcc option to support OpenMP
configure:3803: gcc -o conftest -g -O2   conftest.c  >&5
conftest.c:16:2: error: unknown type name 'choke'
In file included from conftest.c:18:0:
/usr/lib/gcc/x86_64-linux-gnu/4.6.1/include/omp.h:34:1: error: expected '=', ',', ';', 'asm' or '__attribute__' before 'typedef'
configure:3803: $? = 1
configure: failed program was:
| /* confdefs.h */
| #define PACKAGE_NAME "kinfold"
| #define PACKAGE_TARNAME "Kinfold"
| #define PACKAGE_VERSION "1.3"
| #define PACKAGE_STRING "kinfold 1.3"
| #define PACKAGE_BUGREPORT "rna@tbi.univie.ac.at"
| #define PACKAGE_URL ""
| #define PACKAGE "Kinfold"
| #define VERSION "1.3"
| #define HAVE_STRDUP 1
| #define HAVE_MEMSET 1
| #define HAVE_STRCHR 1
| /* end confdefs.h.  */
| 
| #ifndef _OPENMP
|  choke me
| #endif
| #include <omp.h>
| int main () { return omp_get_num_threads (); }
| 
configure:3820: gcc -o conftest -g -O2 -fopenmp   conftest.c  >&5
configure:3820: $? = 0
configure:3834: result: -fopenmp
configure:3846: checking for ViennaRNA package
configure:3889: result:  headers in "../H" and library... "../lib"
configure:3899: checking how to run the C preprocessor
configure:3930: gcc -E  -I../H conftest.c
configure:3930: $? = 0
configure:3944: gcc -E  -I../H conftest.c
conftest.c:14:28: fatal error: ac_nonexistent.h: No such file or directory
compilation terminated.
configure:3944: $? = 1
configure: failed program was:
| /* confdefs.h */
| #define PACKAGE_NAME "kinfold"
| #define PACKAGE_TARNAME "Kinfold"
| #define PACKAGE_VERSION "1.3"
| #define PACKAGE_STRING "kinfold 1.3"
| #define PACKAGE_BUGREPORT "rna@tbi.univie.ac.at"
| #define PACKAGE_URL ""
| #define PACKAGE "Kinfold"
| #define VERSION "1.3"
| #define HAVE_STRDUP 1
| #define HAVE_MEMSET 1
| #define HAVE_STRCHR 1
| /* end confdefs.h.  */
| #include <ac_nonexistent.h>
configure:3969: result: gcc -E
configure:3989: gcc -E  -I../H conftest.c
configure:3989: $? = 0
configure:4003: gcc -E  -I../H conftest.c
conftest.c:14:28: fatal error: ac_nonexistent.h: No such file or directory
compilation terminated.
configure:4003: $? = 1
configure: failed program was:
| /* confdefs.h */
| #define PACKAGE_NAME "kinfold"
| #define PACKAGE_TARNAME "Kinfold"
| #define PACKAGE_VERSION "1.3"
| #define PACKAGE_STRING "kinfold 1.3"
| #define PACKAGE_BUGREPORT "rna@tbi.univie.ac.at"
| #define PACKAGE_URL ""
| #define PACKAGE "Kinfold"
| #define VERSION "1.3"
| #define HAVE_STRDUP 1
| #define HAVE_MEMSET 1
| #define HAVE_STRCHR 1
| /* end confdefs.h.  */
| #include <ac_nonexistent.h>
configure:4032: checking for grep that handles long lines and -e
configure:4090: result: /bin/grep
configure:4095: checking for egrep
configure:4157: result: /bin/grep -E
configure:4162: checking for ANSI C header files
configure:4182: gcc -c -g -O2  -I../H conftest.c >&5
configure:4182: $? = 0
configure:4255: gcc -o conftest -g -O2  -I../H -L../lib  conftest.c  >&5
configure:4255: $? = 0
configure:4255: ./conftest
configure:4255: $? = 0
configure:4266: result: yes
configure:4279: checking for sys/types.h
configure:4279: gcc -c -g -O2  -I../H conftest.c >&5
configure:4279: $? = 0
configure:4279: result: yes
configure:4279: checking for sys/stat.h
configure:4279: gcc -c -g -O2  -I../H conftest.c >&5
configure:4279: $? = 0
configure:4279: result: yes
configure:4279: checking for stdlib.h
configure:4279: gcc -c -g -O2  -I../H conftest.c >&5
configure:4279: $? = 0
configure:4279: result: yes
configure:4279: checking for string.h
configure:4279: gcc -c -g -O2  -I../H conftest.c >&5
configure:4279: $? = 0
configure:4279: result: yes
configure:4279: checking for memory.h
configure:4279: gcc -c -g -O2  -I../H conftest.c >&5
configure:4279: $? = 0
configure:4279: result: yes
configure:4279: checking for strings.h
configure:4279: gcc -c -g -O2  -I../H conftest.c >&5
configure:4279: $? = 0
configure:4279: result: yes
configure:4279: checking for inttypes.h
configure:4279: gcc -c -g -O2  -I../H conftest.c >&5
configure:4279: $? = 0
configure:4279: result: yes
configure:4279: checking for stdint.h
configure:4279: gcc -c -g -O2  -I../H conftest.c >&5
configure:4279: $? = 0
configure:4279: result: yes
configure:4279: checking for unistd.h
configure:4279: gcc -c -g -O2  -I../H conftest.c >&5
configure:4279: $? = 0
configure:4279: result: yes
configure:4294: checking for stdlib.h
configure:4294: result: yes
configure:4294: checking for string.h
configure:4294: result: yes
configure:4294: checking for strings.h
configure:4294: result: yes
configure:4294: checking for unistd.h
configure:4294: result: yes
configure:4294: checking fold.h usability
configure:4294: gcc -c -g -O2  -I../H conftest.c >&5
configure:4294: $? = 0
configure:4294: result: yes
configure:4294: checking fold.h presence
configure:4294: gcc -E  -I../H conftest.c
configure:4294: $? = 0
configure:4294: result: yes
configure:4294: checking for fold.h
configure:4294: result: yes
configure:4305: checking for exp in -lm
configure:4330: gcc -o conftest -g -O2  -I../H -L../lib  conftest.c -lm   >&5
conftest.c:36:6: warning: conflicting types for built-in function 'exp' [enabled by default]
configure:4330: $? = 0
configure:4339: result: yes
configure:4352: checking for stdlib.h
configure:4352: result: yes
configure:4362: checking for GNU libc compatible malloc
configure:4386: gcc -o conftest -g -O2  -I../H -L../lib  conftest.c -lm  >&5
configure:4386: $? = 0
configure:4386: ./conftest
configure:4386: $? = 0
configure:4396: result: yes
configure:4419: checking for stdlib.h
configure:4419: result: yes
configure:4429: checking for GNU libc compatible realloc
configure:4453: gcc -o conftest -g -O2  -I../H -L../lib  conftest.c -lm  >&5
configure:4453: $? = 0
configure:4453: ./conftest
configure:4453: $? = 0
configure:4463: result: yes
configure:4487: checking for an ANSI C-conforming const
configure:4552: gcc -c -g -O2  -I../H conftest.c >&5
configure:4552: $? = 0
configure:4559: result: yes
configure:4701: creating ./config.status

## ---------------------- ##
## Running config.status. ##
## ---------------------- ##

This file was extended by kinfold config.status 1.3, which was
generated by GNU Autoconf 2.68.  Invocation command line was

  CONFIG_FILES    = 
  CONFIG_HEADERS  = 
  CONFIG_LINKS    = 
  CONFIG_COMMANDS = 
  $ ./config.status 

on titisee

config.status:885: creating Example/Makefile
config.status:885: creating Makefile
config.status:885: creating config.h
config.status:1066: config.h is unchanged
config.status:1114: executing depfiles commands

## ---------------- ##
## Cache variables. ##
## ---------------- ##

ac_cv_build=x86_64-unknown-linux-gnu
ac_cv_c_compiler_gnu=yes
ac_cv_c_const=yes
ac_cv_env_CC_set=
ac_cv_env_CC_value=
ac_cv_env_CFLAGS_set=
ac_cv_env_CFLAGS_value=
ac_cv_env_CPPFLAGS_set=
ac_cv_env_CPPFLAGS_value=
ac_cv_env_CPP_set=
ac_cv_env_CPP_value=
ac_cv_env_LDFLAGS_set=
ac_cv_env_LDFLAGS_value=
ac_cv_env_LIBS_set=
ac_cv_env_LIBS_value=
ac_cv_env_build_alias_set=
ac_cv_env_build_alias_value=
ac_cv_env_host_alias_set=
ac_cv_env_host_alias_value=
ac_cv_env_target_alias_set=
ac_cv_env_target_alias_value=
ac_cv_func_malloc_0_nonnull=yes
ac_cv_func_memset=yes
ac_cv_func_realloc_0_nonnull=yes
ac_cv_func_strchr=yes
ac_cv_func_strdup=yes
ac_cv_header_fold_h=yes
ac_cv_header_inttypes_h=yes
ac_cv_header_memory_h=yes
ac_cv_header_stdc=yes
ac_cv_header_stdint_h=yes
ac_cv_header_stdlib_h=yes
ac_cv_header_string_h=yes
ac_cv_header_strings_h=yes
ac_cv_header_sys_stat_h=yes
ac_cv_header_sys_types_h=yes
ac_cv_header_unistd_h=yes
ac_cv_host=x86_64-unknown-linux-gnu
ac_cv_lib_m_exp=yes
ac_cv_objext=o
ac_cv_path_EGREP='/bin/grep -E'
ac_cv_path_GREP=/bin/grep
ac_cv_path_install='/usr/bin/install -c'
ac_cv_path_mkdir=/bin/mkdir
ac_cv_prog_AWK=mawk
ac_cv_prog_CPP='gcc -E'
ac_cv_prog_ac_ct_CC=gcc
ac_cv_prog_c_openmp=-fopenmp
ac_cv_prog_cc_c89=
ac_cv_prog_cc_g=yes
ac_cv_prog_make_make_set=yes
am_cv_CC_dependencies_compiler_type=gcc3

## ----------------- ##
## Output variables. ##
## ----------------- ##

ACLOCAL='${SHELL} /home/jhuang/Downloads/ViennaRNA-2.1.1/missing --run aclocal-1.11'
AMDEPBACKSLASH='\'
AMDEP_FALSE='#'
AMDEP_TRUE=''
AMTAR='${SHELL} /home/jhuang/Downloads/ViennaRNA-2.1.1/missing --run tar'
AM_BACKSLASH='\'
AM_DEFAULT_VERBOSITY='0'
AUTOCONF='${SHELL} /home/jhuang/Downloads/ViennaRNA-2.1.1/missing --run autoconf'
AUTOHEADER='${SHELL} /home/jhuang/Downloads/ViennaRNA-2.1.1/missing --run autoheader'
AUTOMAKE='${SHELL} /home/jhuang/Downloads/ViennaRNA-2.1.1/missing --run automake-1.11'
AWK='mawk'
CC='gcc'
CCDEPMODE='depmode=gcc3'
CFLAGS='-g -O2'
CPP='gcc -E'
CPPFLAGS=' -I../H'
CYGPATH_W='echo'
DEFS='-DHAVE_CONFIG_H'
DEPDIR='.deps'
ECHO_C=''
ECHO_N='-n'
ECHO_T=''
EGREP='/bin/grep -E'
EXEEXT=''
GREP='/bin/grep'
INSTALL_DATA='${INSTALL} -m 644'
INSTALL_PROGRAM='${INSTALL}'
INSTALL_SCRIPT='${INSTALL}'
INSTALL_STRIP_PROGRAM='$(install_sh) -c -s'
ISODATE='2013-05-15'
LDFLAGS='-L../lib '
LIBOBJS=''
LIBS='-lRNA -lm '
LTLIBOBJS=''
MAKEINFO='${SHELL} /home/jhuang/Downloads/ViennaRNA-2.1.1/missing --run makeinfo'
MKDIR_P='/bin/mkdir -p'
OBJEXT='o'
OPENMP_CFLAGS='-fopenmp'
PACKAGE='Kinfold'
PACKAGE_BUGREPORT='rna@tbi.univie.ac.at'
PACKAGE_NAME='kinfold'
PACKAGE_STRING='kinfold 1.3'
PACKAGE_TARNAME='Kinfold'
PACKAGE_URL=''
PACKAGE_VERSION='1.3'
PATH_SEPARATOR=':'
SET_MAKE=''
SHELL='/bin/bash'
STRIP=''
VERSION='1.3'
ac_ct_CC='gcc'
am__EXEEXT_FALSE=''
am__EXEEXT_TRUE='#'
am__fastdepCC_FALSE='#'
am__fastdepCC_TRUE=''
am__include='include'
am__isrc=''
am__leading_dot='.'
am__quote=''
am__tar='${AMTAR} chof - "$$tardir"'
am__untar='${AMTAR} xf -'
bindir='${exec_prefix}/bin'
build='x86_64-unknown-linux-gnu'
build_alias=''
build_cpu='x86_64'
build_os='linux-gnu'
build_vendor='unknown'
datadir='${datarootdir}'
datarootdir='${prefix}/share'
docdir='${datarootdir}/doc/${PACKAGE_TARNAME}'
dvidir='${docdir}'
exec_prefix='${prefix}'
host='x86_64-unknown-linux-gnu'
host_alias=''
host_cpu='x86_64'
host_os='linux-gnu'
host_vendor='unknown'
htmldir='${docdir}'
includedir='${prefix}/include'
infodir='${datarootdir}/info'
install_sh='${SHELL} /home/jhuang/Downloads/ViennaRNA-2.1.1/install-sh'
libdir='${exec_prefix}/lib'
libexecdir='${exec_prefix}/libexec'
localedir='${datarootdir}/locale'
localstatedir='${prefix}/var'
mandir='${datarootdir}/man'
mkdir_p='/bin/mkdir -p'
oldincludedir='/usr/include'
pdfdir='${docdir}'
prefix='/usr/local'
program_transform_name='s,x,x,'
psdir='${docdir}'
sbindir='${exec_prefix}/sbin'
sharedstatedir='${prefix}/com'
sysconfdir='${prefix}/etc'
target_alias=''

## ----------- ##
## confdefs.h. ##
## ----------- ##

/* confdefs.h */
#define PACKAGE_NAME "kinfold"
#define PACKAGE_TARNAME "Kinfold"
#define PACKAGE_VERSION "1.3"
#define PACKAGE_STRING "kinfold 1.3"
#define PACKAGE_BUGREPORT "rna@tbi.univie.ac.at"
#define PACKAGE_URL ""
#define PACKAGE "Kinfold"
#define VERSION "1.3"
#define HAVE_STRDUP 1
#define HAVE_MEMSET 1
#define HAVE_STRCHR 1
#define STDC_HEADERS 1
#define HAVE_SYS_TYPES_H 1
#define HAVE_SYS_STAT_H 1
#define HAVE_STDLIB_H 1
#define HAVE_STRING_H 1
#define HAVE_MEMORY_H 1
#define HAVE_STRINGS_H 1
#define HAVE_INTTYPES_H 1
#define HAVE_STDINT_H 1
#define HAVE_UNISTD_H 1
#define HAVE_STDLIB_H 1
#define HAVE_STRING_H 1
#define HAVE_STRINGS_H 1
#define HAVE_UNISTD_H 1
#define HAVE_FOLD_H 1
#define HAVE_LIBM 1
#define HAVE_STDLIB_H 1
#define HAVE_MALLOC 1
#define HAVE_STDLIB_H 1
#define HAVE_REALLOC 1

configure: exit 0
