This file contains any messages produced by compilers while
running configure, to aid debugging if configure makes a mistake.

It was created by RNAHeliCes configure 3.0.0, which was
generated by GNU Autoconf 2.68.  Invocation command line was

  $ ./configure 

## --------- ##
## Platform. ##
## --------- ##

hostname = swimming-pool
uname -m = x86_64
uname -r = 3.0.0-12-generic
uname -s = Linux
uname -v = #20-Ubuntu SMP Fri Oct 7 14:56:25 UTC 2011

/usr/bin/uname -p = unknown
/bin/uname -X     = unknown

/bin/arch              = unknown
/usr/bin/arch -k       = unknown
/usr/convex/getsysinfo = unknown
/usr/bin/hostinfo      = unknown
/bin/machine           = unknown
/usr/bin/oslevel       = unknown
/bin/universe          = unknown

PATH: /usr/lib/lightdm/lightdm
PATH: /usr/local/sbin
PATH: /usr/local/bin
PATH: /usr/sbin
PATH: /usr/bin
PATH: /sbin
PATH: /bin
PATH: /usr/games
PATH: /vol/biotools/bin
PATH: /home/jhuang/.rvm/bin


## ----------- ##
## Core tests. ##
## ----------- ##

configure:2532: checking for a BSD-compatible install
configure:2600: result: /usr/bin/install -c
configure:2611: checking whether build environment is sane
configure:2661: result: yes
configure:2802: checking for a thread-safe mkdir -p
configure:2841: result: /bin/mkdir -p
configure:2854: checking for gawk
configure:2870: found /usr/bin/gawk
configure:2881: result: gawk
configure:2892: checking whether make sets $(MAKE)
configure:2914: result: yes
configure:2995: checking build system type
configure:3009: result: x86_64-unknown-linux-gnu
configure:3029: checking host system type
configure:3042: result: x86_64-unknown-linux-gnu
configure:3074: checking for style of include used by make
configure:3102: result: GNU
configure:3172: checking for gcc
configure:3188: found /usr/bin/gcc
configure:3199: result: gcc
configure:3428: checking for C compiler version
configure:3437: gcc --version >&5
gcc (Ubuntu/Linaro 4.6.1-9ubuntu3) 4.6.1
Copyright (C) 2011 Free Software Foundation, Inc.
This is free software; see the source for copying conditions.  There is NO
warranty; not even for MERCHANTABILITY or FITNESS FOR A PARTICULAR PURPOSE.

configure:3448: $? = 0
configure:3437: gcc -v >&5
Using built-in specs.
COLLECT_GCC=gcc
COLLECT_LTO_WRAPPER=/usr/lib/gcc/x86_64-linux-gnu/4.6.1/lto-wrapper
Target: x86_64-linux-gnu
Configured with: ../src/configure -v --with-pkgversion='Ubuntu/Linaro 4.6.1-9ubuntu3' --with-bugurl=file:///usr/share/doc/gcc-4.6/README.Bugs --enable-languages=c,c++,fortran,objc,obj-c++,go --prefix=/usr --program-suffix=-4.6 --enable-shared --enable-linker-build-id --with-system-zlib --libexecdir=/usr/lib --without-included-gettext --enable-threads=posix --with-gxx-include-dir=/usr/include/c++/4.6 --libdir=/usr/lib --enable-nls --with-sysroot=/ --enable-clocale=gnu --enable-libstdcxx-debug --enable-libstdcxx-time=yes --enable-plugin --enable-objc-gc --disable-werror --with-arch-32=i686 --with-tune=generic --enable-checking=release --build=x86_64-linux-gnu --host=x86_64-linux-gnu --target=x86_64-linux-gnu
Thread model: posix
gcc version 4.6.1 (Ubuntu/Linaro 4.6.1-9ubuntu3) 
configure:3448: $? = 0
configure:3437: gcc -V >&5
gcc: error: unrecognized option '-V'
gcc: fatal error: no input files
compilation terminated.
configure:3448: $? = 4
configure:3437: gcc -qversion >&5
gcc: error: unrecognized option '-qversion'
gcc: fatal error: no input files
compilation terminated.
configure:3448: $? = 4
configure:3468: checking whether the C compiler works
configure:3490: gcc    conftest.c  >&5
configure:3494: $? = 0
configure:3542: result: yes
configure:3545: checking for C compiler default output file name
configure:3547: result: a.out
configure:3553: checking for suffix of executables
configure:3560: gcc -o conftest    conftest.c  >&5
configure:3564: $? = 0
configure:3586: result: 
configure:3608: checking whether we are cross compiling
configure:3616: gcc -o conftest    conftest.c  >&5
configure:3620: $? = 0
configure:3627: ./conftest
configure:3631: $? = 0
configure:3646: result: no
configure:3651: checking for suffix of object files
configure:3673: gcc -c   conftest.c >&5
configure:3677: $? = 0
configure:3698: result: o
configure:3702: checking whether we are using the GNU C compiler
configure:3721: gcc -c   conftest.c >&5
configure:3721: $? = 0
configure:3730: result: yes
configure:3739: checking whether gcc accepts -g
configure:3759: gcc -c -g  conftest.c >&5
configure:3759: $? = 0
configure:3800: result: yes
configure:3817: checking for gcc option to accept ISO C89
configure:3881: gcc  -c -g -O2  conftest.c >&5
configure:3881: $? = 0
configure:3894: result: none needed
configure:3916: checking dependency style of gcc
configure:4026: result: gcc3
configure:4047: checking how to run the C preprocessor
configure:4078: gcc -E  conftest.c
configure:4078: $? = 0
configure:4092: gcc -E  conftest.c
conftest.c:10:28: fatal error: ac_nonexistent.h: No such file or directory
compilation terminated.
configure:4092: $? = 1
configure: failed program was:
| /* confdefs.h */
| #define PACKAGE_NAME "RNAHeliCes"
| #define PACKAGE_TARNAME "RNAHeliCes"
| #define PACKAGE_VERSION "3.0.0"
| #define PACKAGE_STRING "RNAHeliCes 3.0.0"
| #define PACKAGE_BUGREPORT "Jiabin Huang and Bjoern Voss <jiabin.huang, bjoern.voss@biologie.uni-freiburg.de>"
| #define PACKAGE_URL ""
| #define RELEASE_DATE "Apr. 23, 2013"
| /* end confdefs.h.  */
| #include <ac_nonexistent.h>
configure:4117: result: gcc -E
configure:4137: gcc -E  conftest.c
configure:4137: $? = 0
configure:4151: gcc -E  conftest.c
conftest.c:10:28: fatal error: ac_nonexistent.h: No such file or directory
compilation terminated.
configure:4151: $? = 1
configure: failed program was:
| /* confdefs.h */
| #define PACKAGE_NAME "RNAHeliCes"
| #define PACKAGE_TARNAME "RNAHeliCes"
| #define PACKAGE_VERSION "3.0.0"
| #define PACKAGE_STRING "RNAHeliCes 3.0.0"
| #define PACKAGE_BUGREPORT "Jiabin Huang and Bjoern Voss <jiabin.huang, bjoern.voss@biologie.uni-freiburg.de>"
| #define PACKAGE_URL ""
| #define RELEASE_DATE "Apr. 23, 2013"
| /* end confdefs.h.  */
| #include <ac_nonexistent.h>
configure:4180: checking for grep that handles long lines and -e
configure:4238: result: /bin/grep
configure:4243: checking for egrep
configure:4305: result: /bin/grep -E
configure:4310: checking for ANSI C header files
configure:4330: gcc -c -g -O2  conftest.c >&5
configure:4330: $? = 0
configure:4403: gcc -o conftest -g -O2   conftest.c  >&5
configure:4403: $? = 0
configure:4403: ./conftest
configure:4403: $? = 0
configure:4414: result: yes
configure:4427: checking for sys/types.h
configure:4427: gcc -c -g -O2  conftest.c >&5

## ---------------- ##
## Cache variables. ##
## ---------------- ##

ac_cv_build=x86_64-unknown-linux-gnu
ac_cv_c_compiler_gnu=yes
ac_cv_env_BOOST_ROOT_set=
ac_cv_env_BOOST_ROOT_value=
ac_cv_env_CCC_set=
ac_cv_env_CCC_value=
ac_cv_env_CC_set=
ac_cv_env_CC_value=
ac_cv_env_CFLAGS_set=
ac_cv_env_CFLAGS_value=
ac_cv_env_CPPFLAGS_set=
ac_cv_env_CPPFLAGS_value=
ac_cv_env_CPP_set=
ac_cv_env_CPP_value=
ac_cv_env_CXXCPP_set=
ac_cv_env_CXXCPP_value=
ac_cv_env_CXXFLAGS_set=
ac_cv_env_CXXFLAGS_value=
ac_cv_env_CXX_set=
ac_cv_env_CXX_value=
ac_cv_env_FPIC_set=
ac_cv_env_FPIC_value=
ac_cv_env_LDFLAGS_set=
ac_cv_env_LDFLAGS_value=
ac_cv_env_LIBS_set=
ac_cv_env_LIBS_value=
ac_cv_env_build_alias_set=
ac_cv_env_build_alias_value=
ac_cv_env_host_alias_set=
ac_cv_env_host_alias_value=
ac_cv_env_target_alias_set=
ac_cv_env_target_alias_value=
ac_cv_header_stdc=yes
ac_cv_host=x86_64-unknown-linux-gnu
ac_cv_objext=o
ac_cv_path_EGREP='/bin/grep -E'
ac_cv_path_GREP=/bin/grep
ac_cv_path_install='/usr/bin/install -c'
ac_cv_path_mkdir=/bin/mkdir
ac_cv_prog_AWK=gawk
ac_cv_prog_CPP='gcc -E'
ac_cv_prog_ac_ct_CC=gcc
ac_cv_prog_cc_c89=
ac_cv_prog_cc_g=yes
ac_cv_prog_make_make_set=yes
am_cv_CC_dependencies_compiler_type=gcc3

## ----------------- ##
## Output variables. ##
## ----------------- ##

ACLOCAL='${SHELL} /home/jhuang/Dropbox/RNAHeliCes-3.0.0/config/missing --run aclocal-1.11'
AMDEPBACKSLASH='\'
AMDEP_FALSE='#'
AMDEP_TRUE=''
AMTAR='${SHELL} /home/jhuang/Dropbox/RNAHeliCes-3.0.0/config/missing --run tar'
AR=''
AUTOCONF='${SHELL} /home/jhuang/Dropbox/RNAHeliCes-3.0.0/config/missing --run autoconf'
AUTOHEADER='${SHELL} /home/jhuang/Dropbox/RNAHeliCes-3.0.0/config/missing --run autoheader'
AUTOMAKE='${SHELL} /home/jhuang/Dropbox/RNAHeliCes-3.0.0/config/missing --run automake-1.11'
AWK='gawk'
BOOST_CPPFLAGS=''
BOOST_DATE_TIME_LDFLAGS=''
BOOST_DATE_TIME_LDPATH=''
BOOST_DATE_TIME_LIBS=''
BOOST_LDPATH=''
BOOST_PROGRAM_OPTIONS_LDFLAGS=''
BOOST_PROGRAM_OPTIONS_LDPATH=''
BOOST_PROGRAM_OPTIONS_LIBS=''
BOOST_ROOT=''
CC='gcc'
CCDEPMODE='depmode=gcc3'
CFLAGS='-g -O2'
CPP='gcc -E'
CPPFLAGS=''
CXX=''
CXXCPP=''
CXXDEPMODE=''
CXXFLAGS=''
CYGPATH_W='echo'
DEFS=''
DEPDIR='.deps'
DISTCHECK_CONFIGURE_FLAGS=''
DLLTOOL=''
DSYMUTIL=''
DUMPBIN=''
ECHO_C=''
ECHO_N='-n'
ECHO_T=''
EGREP='/bin/grep -E'
EXEEXT=''
FGREP=''
FPIC=''
GREP='/bin/grep'
INSTALL_DATA='${INSTALL} -m 644'
INSTALL_PROGRAM='${INSTALL}'
INSTALL_SCRIPT='${INSTALL}'
INSTALL_STRIP_PROGRAM='$(install_sh) -c -s'
LD=''
LDFLAGS=''
LIBOBJS=''
LIBS=''
LIBTOOL=''
LIPO=''
LN_S=''
LTLIBOBJS=''
MAKEINFO='${SHELL} /home/jhuang/Dropbox/RNAHeliCes-3.0.0/config/missing --run makeinfo'
MANIFEST_TOOL=''
MKDIR_P='/bin/mkdir -p'
NM=''
NMEDIT=''
OBJDUMP=''
OBJEXT='o'
OTOOL64=''
OTOOL=''
PACKAGE='RNAHeliCes'
PACKAGE_BUGREPORT='Jiabin Huang and Bjoern Voss <jiabin.huang, bjoern.voss@biologie.uni-freiburg.de>'
PACKAGE_NAME='RNAHeliCes'
PACKAGE_STRING='RNAHeliCes 3.0.0'
PACKAGE_TARNAME='RNAHeliCes'
PACKAGE_URL=''
PACKAGE_VERSION='3.0.0'
PATH_SEPARATOR=':'
RANLIB=''
SED=''
SET_MAKE=''
SHELL='/bin/bash'
STRIP=''
VERSION='3.0.0'
ac_ct_AR=''
ac_ct_CC='gcc'
ac_ct_CXX=''
ac_ct_DUMPBIN=''
am__EXEEXT_FALSE=''
am__EXEEXT_TRUE=''
am__fastdepCC_FALSE='#'
am__fastdepCC_TRUE=''
am__fastdepCXX_FALSE=''
am__fastdepCXX_TRUE=''
am__include='include'
am__isrc=''
am__leading_dot='.'
am__quote=''
am__tar='${AMTAR} chof - "$$tardir"'
am__untar='${AMTAR} xf -'
bindir='${exec_prefix}/bin'
build='x86_64-unknown-linux-gnu'
build_alias=''
build_cpu='x86_64'
build_os='linux-gnu'
build_vendor='unknown'
datadir='${datarootdir}'
datarootdir='${prefix}/share'
docdir='${datarootdir}/doc/${PACKAGE_TARNAME}'
dvidir='${docdir}'
exec_prefix='NONE'
host='x86_64-unknown-linux-gnu'
host_alias=''
host_cpu='x86_64'
host_os='linux-gnu'
host_vendor='unknown'
htmldir='${docdir}'
includedir='${prefix}/include'
infodir='${datarootdir}/info'
install_sh='${SHELL} /home/jhuang/Dropbox/RNAHeliCes-3.0.0/config/install-sh'
libdir='${exec_prefix}/lib'
libexecdir='${exec_prefix}/libexec'
localedir='${datarootdir}/locale'
localstatedir='${prefix}/var'
mandir='${datarootdir}/man'
mkdir_p='/bin/mkdir -p'
oldincludedir='/usr/include'
pdfdir='${docdir}'
prefix='NONE'
program_transform_name='s,x,x,'
psdir='${docdir}'
sbindir='${exec_prefix}/sbin'
sharedstatedir='${prefix}/com'
sysconfdir='${prefix}/etc'
target_alias=''

## ----------- ##
## confdefs.h. ##
## ----------- ##

/* confdefs.h */
#define PACKAGE_NAME "RNAHeliCes"
#define PACKAGE_TARNAME "RNAHeliCes"
#define PACKAGE_VERSION "3.0.0"
#define PACKAGE_STRING "RNAHeliCes 3.0.0"
#define PACKAGE_BUGREPORT "Jiabin Huang and Bjoern Voss <jiabin.huang, bjoern.voss@biologie.uni-freiburg.de>"
#define PACKAGE_URL ""
#define RELEASE_DATE "Apr. 23, 2013"
#define STDC_HEADERS 1

configure: caught signal 2
configure: exit 1

## ---------------------- ##
## Running config.status. ##
## ---------------------- ##

This file was extended by RNAHeliCes config.status 3.0.0, which was
generated by GNU Autoconf 2.68.  Invocation command line was

  CONFIG_FILES    = 
  CONFIG_HEADERS  = 
  CONFIG_LINKS    = 
  CONFIG_COMMANDS = 
  $ ./config.status src/Makefile depfiles

on swimming-pool

config.status:1187: creating src/Makefile
config.status:1416: executing depfiles commands

## ---------------------- ##
## Running config.status. ##
## ---------------------- ##

This file was extended by RNAHeliCes config.status 3.0.0, which was
generated by GNU Autoconf 2.68.  Invocation command line was

  CONFIG_FILES    = 
  CONFIG_HEADERS  = 
  CONFIG_LINKS    = 
  CONFIG_COMMANDS = 
  $ ./config.status src/Makefile depfiles

on swimming-pool

config.status:1187: creating src/Makefile
config.status:1416: executing depfiles commands

## ---------------------- ##
## Running config.status. ##
## ---------------------- ##

This file was extended by RNAHeliCes config.status 3.0.0, which was
generated by GNU Autoconf 2.68.  Invocation command line was

  CONFIG_FILES    = 
  CONFIG_HEADERS  = 
  CONFIG_LINKS    = 
  CONFIG_COMMANDS = 
  $ ./config.status src/Makefile depfiles

on swimming-pool

config.status:1187: creating src/Makefile
config.status:1416: executing depfiles commands
